<<<<<<< HEAD
2025-12-02 16:02:00, MOVE, v:1, k:poo@contato, mode:DOWN
2025-12-02 16:07:53, MOVE, v:1, k:poo@contato, mode:PICK
2025-12-02 16:07:54, EXEC, v:1, k:poo@contato, mode:FULL, rate:0, size:74
2025-12-02 16:14:30, EXEC, v:1, k:poo@contato, mode:FULL, rate:0, size:75
2025-12-02 16:16:22, EXEC, v:1, k:poo@contato, mode:FULL, rate:0, size:73
2025-12-02 16:17:21, EXEC, v:1, k:poo@contato, mode:FULL, rate:0, size:73
2025-12-02 16:17:42, EXEC, v:1, k:poo@contato, mode:FULL, rate:20, size:73
2025-12-02 16:20:06, EXEC, v:1, k:poo@contato, mode:FULL, rate:20, size:73
2025-12-02 16:20:57, EXEC, v:1, k:poo@contato, mode:FULL, rate:20, size:73
2025-12-02 16:24:13, EXEC, v:1, k:poo@contato, mode:FULL, rate:60, size:75
2025-12-02 16:31:14, EXEC, v:1, k:poo@contato, mode:FULL, rate:80, size:74
2025-12-02 16:31:52, EXEC, v:1, k:poo@contato, mode:FREE
2025-12-02 16:32:10, MOVE, v:1, k:poo@contato, mode:PICK
2025-12-02 16:32:12, EXEC, v:1, k:poo@contato, mode:FULL, rate:80
2025-12-02 16:32:44, MOVE, v:1, k:poo@contato, mode:PICK
2025-12-02 16:32:46, EXEC, v:1, k:poo@contato, mode:FULL, rate:80
2025-12-02 16:45:12, EXEC, v:1, k:poo@contato, mode:FULL, rate:80, size:83
2025-12-02 16:50:11, EXEC, v:1, k:poo@contato, mode:FULL, rate:80, size:81
2025-12-02 16:51:43, EXEC, v:1, k:poo@contato, mode:FULL, rate:0, size:81
2025-12-02 16:52:09, EXEC, v:1, k:poo@contato, mode:FULL, rate:0, size:80
2025-12-02 16:52:26, EXEC, v:1, k:poo@contato, mode:FULL, rate:80, size:80
2025-12-02 16:54:20, EXEC, v:1, k:poo@contato, mode:FULL, rate:100, size:82
2025-12-02 16:54:25, MOVE, v:1, k:poo@contato, mode:BACK
2025-12-02 16:54:36, SELF, v:1, k:poo@contato, rate:100, alone:10, study:60
=======
2025-12-02 08:35:57, MOVE, v:1, k:poo@contato, mode:DOWN
2025-12-02 09:13:32, MOVE, v:1, k:poo@contato, mode:PICK
2025-12-02 09:13:34, EXEC, v:1, k:poo@contato, mode:FREE, size:0
2025-12-02 09:14:07, EXEC, v:1, k:poo@contato, mode:FREE
2025-12-02 09:14:09, MOVE, v:1, k:poo@contato, mode:BACK
2025-12-02 09:14:22, MOVE, v:1, k:poo@contato, mode:PICK
2025-12-02 09:14:23, EXEC, v:1, k:poo@contato, mode:FREE
2025-12-02 09:14:25, MOVE, v:1, k:poo@contato, mode:BACK
2025-12-02 09:58:20, MOVE, v:1, k:poo@contato, mode:PICK
2025-12-02 09:58:21, EXEC, v:1, k:poo@contato, mode:FREE
2025-12-02 09:58:26, EXEC, v:1, k:poo@contato, mode:FULL, rate:0
2025-12-02 09:58:30, MOVE, v:1, k:poo@contato, mode:BACK
2025-12-02 10:08:13, MOVE, v:1, k:poo@contato, mode:PICK
2025-12-02 10:08:14, EXEC, v:1, k:poo@contato, mode:FULL, rate:0
2025-12-02 10:08:16, MOVE, v:1, k:poo@contato, mode:BACK
>>>>>>> 7de7ab832ae8d3b2d90fc4eda655fbf92ff77e24
